<?xml version="1.0" encoding="UTF-8"?>
<!-- Generated by org.testng.reporters.JUnitReportReporter -->
<testsuite hostname="LAPTOP-C52K0KIA" failures="0" tests="6" name="TestNG.GroupingInTestNG" time="0.127" errors="0" timestamp="2020-12-09T12:30:32 IST" skipped="0">
  <testcase classname="TestNG.GroupingInTestNG" name="smoke3" time="0.012"/>
  <system-out>
Smoke Testing3  </system-out>
  <testcase classname="TestNG.GroupingInTestNG" name="iT1" time="0.049"/>
  <system-out>
Integration Testing1  </system-out>
  <testcase classname="TestNG.GroupingInTestNG" name="smoke1" time="0.010"/>
  <system-out>
Smoke Testing1  </system-out>
  <testcase classname="TestNG.GroupingInTestNG" name="smoke2" time="0.012"/>
  <system-out>
Smoke Testing2  </system-out>
  <testcase classname="TestNG.GroupingInTestNG" name="iT2" time="0.022"/>
  <system-out>
Integration Testing2  </system-out>
  <testcase classname="TestNG.GroupingInTestNG" name="iT3" time="0.022"/>
  <system-out>
Integration Testing3  </system-out>
</testsuite> <!-- TestNG.GroupingInTestNG -->
