<?xml version="1.0" encoding="UTF-8"?>
<!-- Generated by org.testng.reporters.JUnitReportReporter -->
<testsuite hostname="LAPTOP-C52K0KIA" failures="0" tests="1" name="TestNG.Parallel1" time="39.366" errors="0" timestamp="2020-12-09T16:38:41 IST" skipped="0">
  <testcase classname="TestNG.Parallel1" name="runChrome" time="39.366"/>
  <system-out/>
</testsuite> <!-- TestNG.Parallel1 -->
