<?xml version="1.0" encoding="UTF-8"?>
<!-- Generated by org.testng.reporters.JUnitReportReporter -->
<testsuite hostname="LAPTOP-C52K0KIA" failures="0" tests="4" name="TestNG.DependencyFeature" time="0.087" errors="0" timestamp="2020-12-08T12:27:36 IST" skipped="0">
  <testcase classname="TestNG.DependencyFeature" name="transfer1" time="0.054"/>
  <system-out>
Sucessfully transferred1  </system-out>
  <testcase classname="TestNG.DependencyFeature" name="transfer2" time="0.015"/>
  <system-out>
Sucessfully transferred2  </system-out>
  <testcase classname="TestNG.DependencyFeature" name="important" time="0.010"/>
  <system-out>
Important  </system-out>
  <testcase classname="TestNG.DependencyFeature" name="delete" time="0.008"/>
  <system-out>
Sucessfully Deleted  </system-out>
</testsuite> <!-- TestNG.DependencyFeature -->
