<?xml version="1.0" encoding="UTF-8"?>
<!-- Generated by org.testng.reporters.JUnitReportReporter -->
<testsuite hostname="LAPTOP-C52K0KIA" failures="0" tests="1" name="TestNG.AnnotationTestClass2" time="0.018" errors="0" timestamp="2020-12-08T14:58:41 IST" skipped="0">
  <testcase classname="TestNG.AnnotationTestClass2" name="gun" time="0.018"/>
  <system-out>
I am Gun Method  </system-out>
</testsuite> <!-- TestNG.AnnotationTestClass2 -->
