<?xml version="1.0" encoding="UTF-8"?>
<!-- Generated by org.testng.reporters.JUnitReportReporter -->
<testsuite hostname="LAPTOP-C52K0KIA" failures="0" tests="3" name="TestNG.DatadriventestNG" time="0.066" errors="0" timestamp="2020-12-09T12:43:08 IST" skipped="0">
  <testcase classname="TestNG.DatadriventestNG" name="getCredentials" time="0.016"/>
  <system-out>
admin3 manager3 Vizag  </system-out>
  <testcase classname="TestNG.DatadriventestNG" name="getCredentials" time="0.017"/>
  <system-out>
admin2 manager2 Bangalore  </system-out>
  <testcase classname="TestNG.DatadriventestNG" name="getCredentials" time="0.033"/>
  <system-out>
admin1 manager1 Hyderabad  </system-out>
</testsuite> <!-- TestNG.DatadriventestNG -->
