<?xml version="1.0" encoding="UTF-8"?>
<!-- Generated by org.testng.reporters.JUnitReportReporter -->
<testsuite hostname="DESKTOP-T84RGA4" failures="0" tests="2" name="TestNG.AnnotationTestClass1" time="0.350" errors="0" timestamp="2021-04-21T11:26:33 IST" skipped="0">
  <testcase classname="TestNG.AnnotationTestClass1" name="run" time="0.305"/>
  <system-out>
I am Run Method  </system-out>
  <testcase classname="TestNG.AnnotationTestClass1" name="a" time="0.045"/>
  <system-out>
Before Suite  </system-out>
</testsuite> <!-- TestNG.AnnotationTestClass1 -->
