<?xml version="1.0" encoding="UTF-8"?>
<!-- Generated by org.testng.reporters.JUnitReportReporter -->
<testsuite hostname="LAPTOP-C52K0KIA" failures="0" tests="1" name="TestNG.Sumo" time="0.012" errors="0" timestamp="2020-12-08T11:17:49 IST" skipped="0">
  <testcase classname="TestNG.Sumo" name="gun" time="0.012"/>
  <system-out>
gun meth of Semo class  </system-out>
</testsuite> <!-- TestNG.Sumo -->
