<?xml version="1.0" encoding="UTF-8"?>
<!-- Generated by org.testng.reporters.JUnitReportReporter -->
<testsuite hostname="LAPTOP-C52K0KIA" failures="0" tests="1" name="Vooyah.Aboutusmodule" time="82.743" errors="0" timestamp="2021-03-08T22:41:32 IST" skipped="0">
  <testcase classname="Vooyah.Aboutusmodule" name="aboutUs" time="82.743"/>
  <system-out>
Test case passed  </system-out>
</testsuite> <!-- Vooyah.Aboutusmodule -->
