<?xml version="1.0" encoding="UTF-8"?>
<!-- Generated by org.testng.reporters.JUnitReportReporter -->
<testsuite hostname="DESKTOP-T84RGA4" failures="0" tests="6" name="TestNG.FlagsofTestNG" time="0.115" errors="0" timestamp="2021-04-27T19:00:43 IST" skipped="0">
  <testcase classname="TestNG.FlagsofTestNG" name="run" time="0.013"/>
  <system-out>
run method  </system-out>
  <testcase classname="TestNG.FlagsofTestNG" name="bun1" time="0.045"/>
  <system-out>
bun1 method  </system-out>
  <testcase classname="TestNG.FlagsofTestNG" name="gun" time="0.018"/>
  <system-out>
gun method  </system-out>
  <testcase classname="TestNG.FlagsofTestNG" name="gun" time="0.011"/>
  <system-out>
gun method  </system-out>
  <testcase classname="TestNG.FlagsofTestNG" name="gun" time="0.007"/>
  <system-out>
gun method  </system-out>
  <testcase classname="TestNG.FlagsofTestNG" name="bun" time="0.021"/>
  <system-out>
bun method  </system-out>
</testsuite> <!-- TestNG.FlagsofTestNG -->
