<?xml version="1.0" encoding="UTF-8"?>
<!-- Generated by org.testng.reporters.JUnitReportReporter -->
<testsuite hostname="LAPTOP-C52K0KIA" failures="0" tests="1" name="TestNG.ReadDataFromXML" time="0.056" errors="0" timestamp="2020-12-09T15:51:51 IST" skipped="0">
  <testcase classname="TestNG.ReadDataFromXML" name="getDataFromXML" time="0.056"/>
  <system-out>
chrome Admin  </system-out>
</testsuite> <!-- TestNG.ReadDataFromXML -->
