<?xml version="1.0" encoding="UTF-8"?>
<!-- Generated by org.testng.reporters.JUnitReportReporter -->
<testsuite hostname="LAPTOP-C52K0KIA" failures="0" tests="1" name="Vooyah.Staycation" time="86.435" errors="0" timestamp="2021-03-08T23:27:38 IST" skipped="0">
  <testcase classname="Vooyah.Staycation" name="staycation" time="86.435"/>
  <system-out>
Test case passed  </system-out>
</testsuite> <!-- Vooyah.Staycation -->
