<?xml version="1.0" encoding="UTF-8"?>
<!-- Generated by org.testng.reporters.JUnitReportReporter -->
<testsuite hostname="LAPTOP-C52K0KIA" failures="0" tests="1" name="TestNG.Parallel3" time="44.029" errors="0" timestamp="2020-12-09T16:38:41 IST" skipped="0">
  <testcase classname="TestNG.Parallel3" name="runChrome" time="44.029"/>
  <system-out/>
</testsuite> <!-- TestNG.Parallel3 -->
